mod	trans_guid	split_guid	time_now	date_entered	date_posted	acc_guid	acc_name	num	description	notes	memo	action	reconciled	amount	value	date_reconciled
-----------------
===== START
===== END
===== START
C	ce7769f97e7a4586971487836d6ad4d3	cc8119769ed046abb83827ec67421dee	2026-01-18 18:43:36	2026-01-18 18:43:36	2026-01-20 10:59:00	3a528a1c0b524ae2adcdebeec0323d59	1200 - Accounts Receivable - Trade						n	0/100	0/100	1970-01-01 00:00:00
===== END
===== START
===== END
===== START
B	ce7769f97e7a4586971487836d6ad4d3	cc8119769ed046abb83827ec67421dee	2026-01-18 18:46:59	2026-01-18 18:43:36	2026-01-20 10:59:00	3a528a1c0b524ae2adcdebeec0323d59	1200 - Accounts Receivable - Trade						n	0/100	0/100	1970-01-01 00:00:00
===== END
===== START
C	ce7769f97e7a4586971487836d6ad4d3	cc8119769ed046abb83827ec67421dee	2026-01-18 18:46:59	2026-01-18 18:43:36	2026-01-20 10:59:00	3a528a1c0b524ae2adcdebeec0323d59	1200 - Accounts Receivable - Trade	JE-006	Invoice Clinic Group B				n	6000000/100	6000000/100	1970-01-01 00:00:00
C	ce7769f97e7a4586971487836d6ad4d3	49dc3c1bdd2e4e6495d2c5a742dbe9d7	2026-01-18 18:46:59	2026-01-18 18:43:36	2026-01-20 10:59:00	dd09efa6bcc343038f43355e8c4ce31a	4100 - Device Sales Revenue	JE-006	Invoice Clinic Group B				n	-6000000/100	-6000000/100	1970-01-01 00:00:00
===== END
===== START
C	2619cf4cd47c4bf8bb4d8076067fa582	45f86f41ccb0462bb1dc00b9f461daa2	2026-01-18 18:47:27	2026-01-18 18:47:27	2026-01-20 10:59:00	3a528a1c0b524ae2adcdebeec0323d59	1200 - Accounts Receivable - Trade	JE-006	Invoice Clinic Group B				n	3500000/100	3500000/100	1970-01-01 00:00:00
C	2619cf4cd47c4bf8bb4d8076067fa582	35040ecdbfb54705a7f3cec2389d86ad	2026-01-18 18:47:27	2026-01-18 18:47:27	2026-01-20 10:59:00	dff017919328433d8693daa300f8c8c4	4200 - Software License Revenue	JE-006	Invoice Clinic Group B				n	-3500000/100	-3500000/100	1970-01-01 00:00:00
===== END
===== START
===== END
===== START
C	f1fa253fc236474fb2357a73b2a1c585	e093b4ccd70f4107873de9db23465817	2026-01-18 18:47:58	2026-01-18 18:47:58	2026-01-20 10:59:00	3a528a1c0b524ae2adcdebeec0323d59	1200 - Accounts Receivable - Trade	JE-006	Invoice Clinic Group B				n	2000000/100	2000000/100	1970-01-01 00:00:00
C	f1fa253fc236474fb2357a73b2a1c585	b359318d0afc4514bc917104aef42ec7	2026-01-18 18:47:58	2026-01-18 18:47:58	2026-01-20 10:59:00	08e7a960fe8f49f7b02fa51f8a1211f8	4210 - Usage-Based Revenue	JE-006	Invoice Clinic Group B				n	-2000000/100	-2000000/100	1970-01-01 00:00:00
===== END
===== START
===== END
===== START
C	0984293357464bb2ae53d6df3827e34e	b54e3d0f28324352bcf7c8370477b595	2026-01-18 18:48:32	2026-01-18 18:48:32	2026-01-20 10:59:00	3a528a1c0b524ae2adcdebeec0323d59	1200 - Accounts Receivable - Trade	JE-006	Invoice Clinic Group B				n	600000/100	600000/100	1970-01-01 00:00:00
C	0984293357464bb2ae53d6df3827e34e	4d8fc283eea54bafbd82a6e1bc0cf4f6	2026-01-18 18:48:32	2026-01-18 18:48:32	2026-01-20 10:59:00	73a97af917f64be2b06f071322b81dea	4220 - Maintenance & Support Revenue	JE-006	Invoice Clinic Group B				n	-600000/100	-600000/100	1970-01-01 00:00:00
===== END
===== START
===== END
===== START
C	68876a85fa7e4294a7cd461aecda653f	6faed39475b84551b0e0de6caa1b2766	2026-01-18 18:48:57	2026-01-18 18:48:57	2026-01-20 10:59:00	3a528a1c0b524ae2adcdebeec0323d59	1200 - Accounts Receivable - Trade	JE-007	Invoice Recurring customer base				n	5500000/100	5500000/100	1970-01-01 00:00:00
C	68876a85fa7e4294a7cd461aecda653f	518bdf077b2044a3a9c05ca56994c06c	2026-01-18 18:48:57	2026-01-18 18:48:57	2026-01-20 10:59:00	dff017919328433d8693daa300f8c8c4	4200 - Software License Revenue	JE-007	Invoice Recurring customer base				n	-5500000/100	-5500000/100	1970-01-01 00:00:00
===== END
===== START
===== END
===== START
B	68876a85fa7e4294a7cd461aecda653f	6faed39475b84551b0e0de6caa1b2766	2026-01-18 18:49:11	2026-01-18 18:48:57	2026-01-20 10:59:00	3a528a1c0b524ae2adcdebeec0323d59	1200 - Accounts Receivable - Trade	JE-007	Invoice Recurring customer base				n	5500000/100	5500000/100	1970-01-01 00:00:00
B	68876a85fa7e4294a7cd461aecda653f	518bdf077b2044a3a9c05ca56994c06c	2026-01-18 18:49:11	2026-01-18 18:48:57	2026-01-20 10:59:00	dff017919328433d8693daa300f8c8c4	4200 - Software License Revenue	JE-007	Invoice Recurring customer base				n	-5500000/100	-5500000/100	1970-01-01 00:00:00
===== END
===== START
C	68876a85fa7e4294a7cd461aecda653f	6faed39475b84551b0e0de6caa1b2766	2026-01-18 18:49:11	2026-01-18 18:48:57	2026-01-31 10:59:00	3a528a1c0b524ae2adcdebeec0323d59	1200 - Accounts Receivable - Trade	JE-007	Invoice Recurring customer base				n	5500000/100	5500000/100	1970-01-01 00:00:00
C	68876a85fa7e4294a7cd461aecda653f	518bdf077b2044a3a9c05ca56994c06c	2026-01-18 18:49:11	2026-01-18 18:48:57	2026-01-31 10:59:00	dff017919328433d8693daa300f8c8c4	4200 - Software License Revenue	JE-007	Invoice Recurring customer base				n	-5500000/100	-5500000/100	1970-01-01 00:00:00
===== END
===== START
C	5e8c6533b57a4ff7a531d9a4226e23f5	0e33c5cba33b418d982bf069d9f80156	2026-01-18 18:49:32	2026-01-18 18:49:32	2026-01-31 10:59:00	3a528a1c0b524ae2adcdebeec0323d59	1200 - Accounts Receivable - Trade	JE-007	Invoice Recurring customer base				n	2000000/100	2000000/100	1970-01-01 00:00:00
C	5e8c6533b57a4ff7a531d9a4226e23f5	f96bf95b345a4fc59964d5601c87cde3	2026-01-18 18:49:32	2026-01-18 18:49:32	2026-01-31 10:59:00	08e7a960fe8f49f7b02fa51f8a1211f8	4210 - Usage-Based Revenue	JE-007	Invoice Recurring customer base				n	-2000000/100	-2000000/100	1970-01-01 00:00:00
===== END
===== START
===== END
===== START
C	5effea9c22f1477d8a0ed7934e0d996f	122e519be1614489b3e030768ddda398	2026-01-18 18:49:49	2026-01-18 18:49:49	2026-01-31 10:59:00	3a528a1c0b524ae2adcdebeec0323d59	1200 - Accounts Receivable - Trade	JE-007	Invoice Recurring customer base				n	2200000/100	2200000/100	1970-01-01 00:00:00
C	5effea9c22f1477d8a0ed7934e0d996f	7ebc48e0ec134c37b7cae3d5b318f272	2026-01-18 18:49:49	2026-01-18 18:49:49	2026-01-31 10:59:00	73a97af917f64be2b06f071322b81dea	4220 - Maintenance & Support Revenue	JE-007	Invoice Recurring customer base				n	-2200000/100	-2200000/100	1970-01-01 00:00:00
===== END
===== START
===== END
===== START
D	03b98f54f201433890326c117ebfa4dc	26db353753f044058210375e7ed87e3e	2026-01-18 18:50:26	2026-01-18 18:50:26	2026-01-31 10:59:00								n	0/1	0/100	1970-01-01 00:00:00
===== END
===== START
===== END
===== START
C	ae21210c0be34320a4e187c672ba4ab0	e4e9242b54164678a9511e40dcf370b9	2026-01-18 18:52:00	2026-01-18 18:52:00	2026-01-31 10:59:00	a3a8f480ed8e485c9f9dfb49f9affe53	2200 - Deferred Revenue - Software Licenses	JE-008	Recognize 1 month of Hospital A annual software				n	200000/100	200000/100	1970-01-01 00:00:00
C	ae21210c0be34320a4e187c672ba4ab0	823942cca52d4040918ef0e9f8e6238f	2026-01-18 18:52:00	2026-01-18 18:52:00	2026-01-31 10:59:00	dff017919328433d8693daa300f8c8c4	4200 - Software License Revenue	JE-008	Recognize 1 month of Hospital A annual software				n	-200000/100	-200000/100	1970-01-01 00:00:00
===== END
===== START
===== END
===== START
D	05fd8180595d4265a618b953332c5283	6832837f460541a2b7bc0d8c1e520772	2026-01-18 18:52:02	2026-01-18 18:52:02	2026-01-31 10:59:00								n	0/1	0/100	1970-01-01 00:00:00
===== END
===== START
===== END
===== START
D	53f1ce2e278e4028b730469cdbc53665	be90af836e8646309760cfe73f6b9efa	2026-01-18 18:52:08	2026-01-18 18:52:08	2026-01-18 10:59:00								n	0/1	0/100	1970-01-01 00:00:00
===== END
===== START
===== END
===== START
C	2f2e70b11604421987994c6e6a0d6471	e94fdc36b3a84e4c829fd01e3fdcb1ea	2026-01-18 18:52:46	2026-01-18 18:52:46	2026-01-31 10:59:00	b2ac64c6bb4a404abc104c5edb6c7fe2	2210 - Deferred Revenue - Maintenance Contracts	JE-009	Recognize 1 month of Hospital A annual maintenance				n	200000/100	200000/100	1970-01-01 00:00:00
C	2f2e70b11604421987994c6e6a0d6471	7b6700fde28b49598da3b0b1a9017141	2026-01-18 18:52:46	2026-01-18 18:52:46	2026-01-31 10:59:00	73a97af917f64be2b06f071322b81dea	4220 - Maintenance & Support Revenue	JE-009	Recognize 1 month of Hospital A annual maintenance				n	-200000/100	-200000/100	1970-01-01 00:00:00
===== END
===== START
===== END
===== START
D	c6f48eb9630d4c9396041e9b66640a80	b1197a442d3e4e46a03cca189f892460	2026-01-18 18:52:48	2026-01-18 18:52:48	2026-01-31 10:59:00								n	0/1	0/100	1970-01-01 00:00:00
===== END
